build/app/intermediates/manifest_merge_blame_file/debug/manifest-merger-blame-debug-report.txt
1<?xml version="1.0" encoding="utf-8"?>
2<manifest xmlns:android="http://schemas.android.com/apk/res/android"
3    package="com.ekhtilaf.store"
4    android:versionCode="3022"
5    android:versionName="2.5.0" >
6
7    <uses-sdk
8        android:minSdkVersion="21"
9        android:targetSdkVersion="30" />
10    <!--
11         Flutter needs it to communicate with the running application
12         to allow setting breakpoints, to provide hot reload, etc.
13    -->
14    <uses-permission android:name="android.permission.INTERNET" />
14-->src/main/AndroidManifest.xml:4:5-66
14-->src/main/AndroidManifest.xml:4:22-64
15    <uses-permission android:name="android.permission.ACCESS_FINE_LOCATION" />
15-->src/main/AndroidManifest.xml:5:5-79
15-->src/main/AndroidManifest.xml:5:22-76
16    <uses-permission android:name="android.permission.ACCESS_COARSE_LOCATION" />
16-->src/main/AndroidManifest.xml:6:5-81
16-->src/main/AndroidManifest.xml:6:22-78
17    <uses-permission android:name="android.permission.ACCESS_NETWORK_STATE" />
17-->src/main/AndroidManifest.xml:7:5-79
17-->src/main/AndroidManifest.xml:7:22-76
18    <uses-permission android:name="android.permission.QUERY_ALL_PACKAGES" />
18-->src/main/AndroidManifest.xml:8:5-76
18-->src/main/AndroidManifest.xml:8:22-74
19    <uses-permission android:name="android.permission.WAKE_LOCK" />
19-->src/main/AndroidManifest.xml:9:5-67
19-->src/main/AndroidManifest.xml:9:22-65
20    <uses-permission android:name="android.permission.FOREGROUND_SERVICE" />
20-->src/main/AndroidManifest.xml:10:5-76
20-->src/main/AndroidManifest.xml:10:22-74
21    <uses-permission android:name="android.permission.WRITE_EXTERNAL_STORAGE" />
21-->src/main/AndroidManifest.xml:11:5-80
21-->src/main/AndroidManifest.xml:11:22-78
22    <uses-permission android:name="android.permission.READ_EXTERNAL_STORAGE" />
22-->src/main/AndroidManifest.xml:12:5-79
22-->src/main/AndroidManifest.xml:12:22-77
23
24    <queries>
24-->[:file_picker] AndroidManifest.xml:9:5-15:15
25        <intent>
25-->[:file_picker] AndroidManifest.xml:10:9-14:18
26            <action android:name="android.intent.action.GET_CONTENT" />
26-->[:file_picker] AndroidManifest.xml:11:13-72
26-->[:file_picker] AndroidManifest.xml:11:21-69
27
28            <data android:mimeType="*/*" />
28-->src/main/AndroidManifest.xml:62:17-64:52
29        </intent>
30
31        <package android:name="com.facebook.katana" /> <!-- For browser content -->
31-->[com.facebook.android:audience-network-sdk:6.8.0] AndroidManifest.xml:12:9-55
31-->[com.facebook.android:audience-network-sdk:6.8.0] AndroidManifest.xml:12:18-52
32        <intent>
32-->[com.google.android.gms:play-services-ads-lite:20.1.0] AndroidManifest.xml:30:9-36:18
33            <action android:name="android.intent.action.VIEW" />
33-->src/main/AndroidManifest.xml:57:17-69
33-->src/main/AndroidManifest.xml:57:25-66
34
35            <category android:name="android.intent.category.BROWSABLE" />
35-->src/main/AndroidManifest.xml:60:17-78
35-->src/main/AndroidManifest.xml:60:27-75
36
37            <data android:scheme="https" />
37-->src/main/AndroidManifest.xml:62:17-64:52
37-->src/main/AndroidManifest.xml:63:21-43
38        </intent> <!-- End of browser content -->
39        <!-- For CustomTabsService -->
40        <intent>
40-->[com.google.android.gms:play-services-ads-lite:20.1.0] AndroidManifest.xml:39:9-41:18
41            <action android:name="android.support.customtabs.action.CustomTabsService" />
41-->[com.google.android.gms:play-services-ads-lite:20.1.0] AndroidManifest.xml:40:13-90
41-->[com.google.android.gms:play-services-ads-lite:20.1.0] AndroidManifest.xml:40:21-87
42        </intent>
43        <intent>
43-->[androidx.media2:media2-session:1.1.3] AndroidManifest.xml:25:9-27:18
44            <action android:name="android.media.browse.MediaBrowserService" />
44-->[androidx.media2:media2-session:1.1.3] AndroidManifest.xml:26:13-79
44-->[androidx.media2:media2-session:1.1.3] AndroidManifest.xml:26:21-76
45        </intent>
46        <intent>
46-->[androidx.media2:media2-session:1.1.3] AndroidManifest.xml:28:9-30:18
47            <action android:name="androidx.media2.session.MediaSessionService" />
47-->[androidx.media2:media2-session:1.1.3] AndroidManifest.xml:29:13-82
47-->[androidx.media2:media2-session:1.1.3] AndroidManifest.xml:29:21-79
48        </intent>
49        <intent>
49-->[androidx.media2:media2-session:1.1.3] AndroidManifest.xml:31:9-33:18
50            <action android:name="androidx.media2.session.MediaLibraryService" />
50-->[androidx.media2:media2-session:1.1.3] AndroidManifest.xml:32:13-82
50-->[androidx.media2:media2-session:1.1.3] AndroidManifest.xml:32:21-79
51        </intent>
52    </queries> <!-- Create a unique permission for your app and use it so only your app can receive your OneSignal messages. -->
53    <permission
53-->[com.onesignal:OneSignal:4.5.1] AndroidManifest.xml:7:5-9:47
54        android:name="com.ekhtilaf.store.permission.C2D_MESSAGE"
54-->[com.onesignal:OneSignal:4.5.1] AndroidManifest.xml:8:9-63
55        android:protectionLevel="signature" />
55-->[com.onesignal:OneSignal:4.5.1] AndroidManifest.xml:9:9-44
56
57    <uses-permission android:name="com.ekhtilaf.store.permission.C2D_MESSAGE" /> <!-- c2dm RECEIVE are basic requirements for push messages through Google's FCM -->
57-->[com.onesignal:OneSignal:4.5.1] AndroidManifest.xml:11:5-79
57-->[com.onesignal:OneSignal:4.5.1] AndroidManifest.xml:11:22-76
58    <uses-permission android:name="com.google.android.c2dm.permission.RECEIVE" />
58-->[com.onesignal:OneSignal:4.5.1] AndroidManifest.xml:17:5-82
58-->[com.onesignal:OneSignal:4.5.1] AndroidManifest.xml:17:22-79
59    <!--
60 Required so the device vibrates on receiving a push notification.
61         Vibration settings of the device still apply.
62    -->
63    <uses-permission android:name="android.permission.VIBRATE" />
63-->[com.onesignal:OneSignal:4.5.1] AndroidManifest.xml:23:5-66
63-->[com.onesignal:OneSignal:4.5.1] AndroidManifest.xml:23:22-63
64    <!--
65 Use to restore notifications the user hasn't interacted with.
66         They could be missed notifications if the user reboots their device if this isn't in place.
67    -->
68    <uses-permission android:name="android.permission.RECEIVE_BOOT_COMPLETED" /> <!-- START: ShortcutBadger -->
68-->[com.onesignal:OneSignal:4.5.1] AndroidManifest.xml:29:5-81
68-->[com.onesignal:OneSignal:4.5.1] AndroidManifest.xml:29:22-78
69    <!-- Samsung -->
70    <uses-permission android:name="com.sec.android.provider.badge.permission.READ" />
70-->[com.onesignal:OneSignal:4.5.1] AndroidManifest.xml:31:5-86
70-->[com.onesignal:OneSignal:4.5.1] AndroidManifest.xml:31:22-83
71    <uses-permission android:name="com.sec.android.provider.badge.permission.WRITE" /> <!-- HTC -->
71-->[com.onesignal:OneSignal:4.5.1] AndroidManifest.xml:32:5-87
71-->[com.onesignal:OneSignal:4.5.1] AndroidManifest.xml:32:22-84
72    <uses-permission android:name="com.htc.launcher.permission.READ_SETTINGS" />
72-->[com.onesignal:OneSignal:4.5.1] AndroidManifest.xml:33:5-81
72-->[com.onesignal:OneSignal:4.5.1] AndroidManifest.xml:33:22-78
73    <uses-permission android:name="com.htc.launcher.permission.UPDATE_SHORTCUT" /> <!-- Sony -->
73-->[com.onesignal:OneSignal:4.5.1] AndroidManifest.xml:34:5-83
73-->[com.onesignal:OneSignal:4.5.1] AndroidManifest.xml:34:22-80
74    <uses-permission android:name="com.sonyericsson.home.permission.BROADCAST_BADGE" />
74-->[com.onesignal:OneSignal:4.5.1] AndroidManifest.xml:35:5-88
74-->[com.onesignal:OneSignal:4.5.1] AndroidManifest.xml:35:22-85
75    <uses-permission android:name="com.sonymobile.home.permission.PROVIDER_INSERT_BADGE" /> <!-- Apex -->
75-->[com.onesignal:OneSignal:4.5.1] AndroidManifest.xml:36:5-92
75-->[com.onesignal:OneSignal:4.5.1] AndroidManifest.xml:36:22-89
76    <uses-permission android:name="com.anddoes.launcher.permission.UPDATE_COUNT" /> <!-- Solid -->
76-->[com.onesignal:OneSignal:4.5.1] AndroidManifest.xml:37:5-84
76-->[com.onesignal:OneSignal:4.5.1] AndroidManifest.xml:37:22-81
77    <uses-permission android:name="com.majeur.launcher.permission.UPDATE_BADGE" /> <!-- Huawei -->
77-->[com.onesignal:OneSignal:4.5.1] AndroidManifest.xml:38:5-83
77-->[com.onesignal:OneSignal:4.5.1] AndroidManifest.xml:38:22-80
78    <uses-permission android:name="com.huawei.android.launcher.permission.CHANGE_BADGE" />
78-->[com.onesignal:OneSignal:4.5.1] AndroidManifest.xml:39:5-91
78-->[com.onesignal:OneSignal:4.5.1] AndroidManifest.xml:39:22-88
79    <uses-permission android:name="com.huawei.android.launcher.permission.READ_SETTINGS" />
79-->[com.onesignal:OneSignal:4.5.1] AndroidManifest.xml:40:5-92
79-->[com.onesignal:OneSignal:4.5.1] AndroidManifest.xml:40:22-89
80    <uses-permission android:name="com.huawei.android.launcher.permission.WRITE_SETTINGS" /> <!-- ZUK -->
80-->[com.onesignal:OneSignal:4.5.1] AndroidManifest.xml:41:5-93
80-->[com.onesignal:OneSignal:4.5.1] AndroidManifest.xml:41:22-90
81    <uses-permission android:name="android.permission.READ_APP_BADGE" /> <!-- OPPO -->
81-->[com.onesignal:OneSignal:4.5.1] AndroidManifest.xml:42:5-73
81-->[com.onesignal:OneSignal:4.5.1] AndroidManifest.xml:42:22-70
82    <uses-permission android:name="com.oppo.launcher.permission.READ_SETTINGS" />
82-->[com.onesignal:OneSignal:4.5.1] AndroidManifest.xml:43:5-82
82-->[com.onesignal:OneSignal:4.5.1] AndroidManifest.xml:43:22-79
83    <uses-permission android:name="com.oppo.launcher.permission.WRITE_SETTINGS" /> <!-- EvMe -->
83-->[com.onesignal:OneSignal:4.5.1] AndroidManifest.xml:44:5-83
83-->[com.onesignal:OneSignal:4.5.1] AndroidManifest.xml:44:22-80
84    <uses-permission android:name="me.everything.badger.permission.BADGE_COUNT_READ" />
84-->[com.onesignal:OneSignal:4.5.1] AndroidManifest.xml:45:5-88
84-->[com.onesignal:OneSignal:4.5.1] AndroidManifest.xml:45:22-85
85    <uses-permission android:name="me.everything.badger.permission.BADGE_COUNT_WRITE" />
85-->[com.onesignal:OneSignal:4.5.1] AndroidManifest.xml:46:5-89
85-->[com.onesignal:OneSignal:4.5.1] AndroidManifest.xml:46:22-86
86
87    <uses-feature
87-->[com.google.android.gms:play-services-maps:17.0.0] AndroidManifest.xml:26:5-28:35
88        android:glEsVersion="0x00020000"
88-->[com.google.android.gms:play-services-maps:17.0.0] AndroidManifest.xml:27:9-41
89        android:required="true" />
89-->[com.google.android.gms:play-services-maps:17.0.0] AndroidManifest.xml:28:9-32
90
91    <uses-permission android:name="com.google.android.finsky.permission.BIND_GET_INSTALL_REFERRER_SERVICE" />
91-->[com.google.android.gms:play-services-measurement:19.0.0] AndroidManifest.xml:26:5-110
91-->[com.google.android.gms:play-services-measurement:19.0.0] AndroidManifest.xml:26:22-107
92
93    <application
93-->src/main/AndroidManifest.xml:13:5-126:19
94        android:name="io.flutter.app.FlutterApplication"
94-->src/main/AndroidManifest.xml:14:9-57
95        android:appComponentFactory="androidx.core.app.CoreComponentFactory"
95-->[androidx.core:core:1.5.0] AndroidManifest.xml:24:18-86
96        android:debuggable="true"
97        android:hardwareAccelerated="true"
97-->[:facebook_audience_network] AndroidManifest.xml:7:18-52
98        android:icon="@mipmap/launcher_icon"
98-->src/main/AndroidManifest.xml:17:9-45
99        android:label="Ekhtilef"
99-->src/main/AndroidManifest.xml:16:9-33
100        android:supportsRtl="true"
100-->[com.facebook.android:facebook-login:11.1.1] AndroidManifest.xml:28:18-44
101        android:usesCleartextTraffic="true" >
101-->src/main/AndroidManifest.xml:15:9-44
102        <activity
102-->src/main/AndroidManifest.xml:19:9-78:20
103            android:name="com.ekhtilaf.store.MainActivity"
103-->src/main/AndroidManifest.xml:20:13-41
104            android:configChanges="orientation|keyboardHidden|keyboard|screenSize|smallestScreenSize|locale|layoutDirection|fontScale|screenLayout|density|uiMode"
104-->src/main/AndroidManifest.xml:23:13-163
105            android:hardwareAccelerated="true"
105-->src/main/AndroidManifest.xml:24:13-47
106            android:launchMode="singleTop"
106-->src/main/AndroidManifest.xml:21:13-43
107            android:theme="@style/LaunchTheme"
107-->src/main/AndroidManifest.xml:22:13-47
108            android:windowSoftInputMode="adjustResize" >
108-->src/main/AndroidManifest.xml:25:13-55
109
110            <!--
111                 Specifies an Android theme to apply to this Activity as soon as
112                 the Android process has started. This theme is visible to the user
113                 while the Flutter UI initializes. After that, this theme continues
114                 to determine the Window background behind the Flutter UI.
115            -->
116            <meta-data
116-->src/main/AndroidManifest.xml:31:13-34:17
117                android:name="io.flutter.embedding.android.NormalTheme"
117-->src/main/AndroidManifest.xml:32:15-70
118                android:resource="@style/NormalTheme" />
118-->src/main/AndroidManifest.xml:33:15-52
119            <!--
120                 Displays an Android View that continues showing the launch screen
121                 Drawable until Flutter paints its first frame, then this splash
122                 screen fades out. A splash screen is useful to avoid any visual
123                 gap between the end of Android's launch screen and the painting of
124                 Flutter's first frame.
125            -->
126            <meta-data
126-->src/main/AndroidManifest.xml:40:13-43:17
127                android:name="io.flutter.embedding.android.SplashScreenDrawable"
127-->src/main/AndroidManifest.xml:41:15-79
128                android:resource="@drawable/launch_background" />
128-->src/main/AndroidManifest.xml:42:15-61
129
130            <intent-filter>
130-->src/main/AndroidManifest.xml:44:13-47:29
131                <action android:name="android.intent.action.MAIN" />
131-->src/main/AndroidManifest.xml:45:17-68
131-->src/main/AndroidManifest.xml:45:25-66
132
133                <category android:name="android.intent.category.LAUNCHER" />
133-->src/main/AndroidManifest.xml:46:17-76
133-->src/main/AndroidManifest.xml:46:27-74
134            </intent-filter>
135            <intent-filter>
135-->src/main/AndroidManifest.xml:48:13-51:29
136                <action android:name="FLUTTER_NOTIFICATION_CLICK" />
136-->src/main/AndroidManifest.xml:49:17-69
136-->src/main/AndroidManifest.xml:49:25-66
137
138                <category android:name="android.intent.category.DEFAULT" />
138-->src/main/AndroidManifest.xml:50:17-76
138-->src/main/AndroidManifest.xml:50:27-73
139            </intent-filter>
140
141            <meta-data
141-->src/main/AndroidManifest.xml:53:13-55:57
142                android:name="default-url"
142-->src/main/AndroidManifest.xml:54:17-43
143                android:value="https://inspireui.com" />
143-->src/main/AndroidManifest.xml:55:17-54
144
145            <intent-filter android:autoVerify="true" >
145-->src/main/AndroidManifest.xml:56:13-66:29
145-->src/main/AndroidManifest.xml:56:28-53
146                <action android:name="android.intent.action.VIEW" />
146-->src/main/AndroidManifest.xml:57:17-69
146-->src/main/AndroidManifest.xml:57:25-66
147
148                <category android:name="android.intent.category.DEFAULT" />
148-->src/main/AndroidManifest.xml:50:17-76
148-->src/main/AndroidManifest.xml:50:27-73
149                <category android:name="android.intent.category.BROWSABLE" />
149-->src/main/AndroidManifest.xml:60:17-78
149-->src/main/AndroidManifest.xml:60:27-75
150
151                <data
151-->src/main/AndroidManifest.xml:62:17-64:52
152                    android:host="inspireui.com"
152-->src/main/AndroidManifest.xml:64:21-49
153                    android:scheme="https" />
153-->src/main/AndroidManifest.xml:63:21-43
154                <data android:scheme="http" />
154-->src/main/AndroidManifest.xml:62:17-64:52
154-->src/main/AndroidManifest.xml:63:21-43
155            </intent-filter>
156            <intent-filter>
156-->src/main/AndroidManifest.xml:68:13-77:29
157                <action android:name="android.intent.action.VIEW" />
157-->src/main/AndroidManifest.xml:57:17-69
157-->src/main/AndroidManifest.xml:57:25-66
158
159                <category android:name="android.intent.category.DEFAULT" />
159-->src/main/AndroidManifest.xml:50:17-76
159-->src/main/AndroidManifest.xml:50:27-73
160                <category android:name="android.intent.category.BROWSABLE" />
160-->src/main/AndroidManifest.xml:60:17-78
160-->src/main/AndroidManifest.xml:60:27-75
161
162                <data
162-->src/main/AndroidManifest.xml:62:17-64:52
163                    android:host="inspireui.com"
163-->src/main/AndroidManifest.xml:64:21-49
164                    android:scheme="fluxstore" />
164-->src/main/AndroidManifest.xml:63:21-43
165            </intent-filter>
166        </activity>
167
168        <meta-data
168-->src/main/AndroidManifest.xml:80:9-82:71
169            android:name="com.google.firebase.messaging.default_notification_channel_id"
169-->src/main/AndroidManifest.xml:81:13-89
170            android:value="@string/default_notification_channel_id" />
170-->src/main/AndroidManifest.xml:82:13-68
171        <meta-data
171-->src/main/AndroidManifest.xml:84:10-86:49
172            android:name="com.google.firebase.messaging.default_notification_icon"
172-->src/main/AndroidManifest.xml:85:13-83
173            android:resource="@drawable/logo" />
173-->src/main/AndroidManifest.xml:86:13-46
174        <!--
175             Set color used with incoming notification messages. This is used when no color is set for the incoming
176            notification message. See README(https://goo.gl/6BKBk7) for more.
177        -->
178        <meta-data
178-->src/main/AndroidManifest.xml:89:9-91:51
179            android:name="com.google.firebase.messaging.default_notification_color"
179-->src/main/AndroidManifest.xml:90:13-84
180            android:resource="@color/notiColor" />
180-->src/main/AndroidManifest.xml:91:13-48
181        <!-- Google map and Admod setup -->
182        <meta-data
182-->src/main/AndroidManifest.xml:93:9-95:46
183            android:name="com.google.android.geo.API_KEY"
183-->src/main/AndroidManifest.xml:94:13-58
184            android:value="@string/api_key" />
184-->src/main/AndroidManifest.xml:95:13-44
185        <meta-data
185-->src/main/AndroidManifest.xml:96:9-98:48
186            android:name="com.google.android.gms.ads.APPLICATION_ID"
186-->src/main/AndroidManifest.xml:97:13-69
187            android:value="@string/admob_api" />
187-->src/main/AndroidManifest.xml:98:13-46
188
189        <!-- Facebook Login configuration -->
190        <meta-data
190-->src/main/AndroidManifest.xml:101:9-102:54
191            android:name="com.facebook.sdk.ApplicationId"
191-->src/main/AndroidManifest.xml:101:20-65
192            android:value="@string/facebook_app_id" />
192-->src/main/AndroidManifest.xml:102:13-52
193
194        <activity
194-->src/main/AndroidManifest.xml:104:9-109:11
195            android:name="com.facebook.FacebookActivity"
195-->src/main/AndroidManifest.xml:104:19-63
196            android:configChanges="keyboard|keyboardHidden|screenLayout|screenSize|orientation"
196-->src/main/AndroidManifest.xml:105:13-113
197            android:exported="true"
197-->src/main/AndroidManifest.xml:108:13-36
198            android:label="@string/app_name"
198-->src/main/AndroidManifest.xml:107:13-45
199            android:theme="@style/com_facebook_activity_theme" />
199-->[com.facebook.android:facebook-common:11.1.1] AndroidManifest.xml:33:13-63
200        <activity
200-->src/main/AndroidManifest.xml:110:9-119:20
201            android:name="com.facebook.CustomTabActivity"
201-->src/main/AndroidManifest.xml:111:13-58
202            android:exported="true" >
202-->src/main/AndroidManifest.xml:112:13-36
203            <intent-filter>
203-->src/main/AndroidManifest.xml:113:13-118:29
204                <action android:name="android.intent.action.VIEW" />
204-->src/main/AndroidManifest.xml:57:17-69
204-->src/main/AndroidManifest.xml:57:25-66
205
206                <category android:name="android.intent.category.DEFAULT" />
206-->src/main/AndroidManifest.xml:50:17-76
206-->src/main/AndroidManifest.xml:50:27-73
207                <category android:name="android.intent.category.BROWSABLE" />
207-->src/main/AndroidManifest.xml:60:17-78
207-->src/main/AndroidManifest.xml:60:27-75
208
209                <data android:scheme="@string/fb_login_protocol_scheme" />
209-->src/main/AndroidManifest.xml:62:17-64:52
209-->src/main/AndroidManifest.xml:63:21-43
210            </intent-filter>
211            <intent-filter>
211-->[com.facebook.android:facebook-common:11.1.1] AndroidManifest.xml:39:13-48:29
212                <action android:name="android.intent.action.VIEW" />
212-->src/main/AndroidManifest.xml:57:17-69
212-->src/main/AndroidManifest.xml:57:25-66
213
214                <category android:name="android.intent.category.DEFAULT" />
214-->src/main/AndroidManifest.xml:50:17-76
214-->src/main/AndroidManifest.xml:50:27-73
215                <category android:name="android.intent.category.BROWSABLE" />
215-->src/main/AndroidManifest.xml:60:17-78
215-->src/main/AndroidManifest.xml:60:27-75
216
217                <data
217-->src/main/AndroidManifest.xml:62:17-64:52
218                    android:host="cct.com.ekhtilaf.store"
218-->src/main/AndroidManifest.xml:64:21-49
219                    android:scheme="fbconnect" />
219-->src/main/AndroidManifest.xml:63:21-43
220            </intent-filter>
221        </activity>
222
223        <!--
224             Don't delete the meta-data below.
225             This is used by the Flutter tool to generate GeneratedPluginRegistrant.java
226        -->
227        <meta-data
227-->src/main/AndroidManifest.xml:123:9-125:33
228            android:name="flutterEmbedding"
228-->src/main/AndroidManifest.xml:124:13-44
229            android:value="2" />
229-->src/main/AndroidManifest.xml:125:13-30
230
231        <service
231-->[:firebase_messaging] AndroidManifest.xml:12:9-15:72
232            android:name="io.flutter.plugins.firebase.messaging.FlutterFirebaseMessagingBackgroundService"
232-->[:firebase_messaging] AndroidManifest.xml:13:13-107
233            android:exported="false"
233-->[:firebase_messaging] AndroidManifest.xml:14:13-37
234            android:permission="android.permission.BIND_JOB_SERVICE" />
234-->[:firebase_messaging] AndroidManifest.xml:15:13-69
235        <service
235-->[:firebase_messaging] AndroidManifest.xml:16:9-22:19
236            android:name="io.flutter.plugins.firebase.messaging.FlutterFirebaseMessagingService"
236-->[:firebase_messaging] AndroidManifest.xml:17:13-97
237            android:exported="false" >
237-->[:firebase_messaging] AndroidManifest.xml:18:13-37
238            <intent-filter>
238-->[:firebase_messaging] AndroidManifest.xml:19:13-21:29
239                <action android:name="com.google.firebase.MESSAGING_EVENT" />
239-->[:firebase_messaging] AndroidManifest.xml:20:17-78
239-->[:firebase_messaging] AndroidManifest.xml:20:25-75
240            </intent-filter>
241        </service>
242
243        <receiver
243-->[:firebase_messaging] AndroidManifest.xml:24:9-31:20
244            android:name="io.flutter.plugins.firebase.messaging.FlutterFirebaseMessagingReceiver"
244-->[:firebase_messaging] AndroidManifest.xml:25:13-98
245            android:exported="true"
245-->[:firebase_messaging] AndroidManifest.xml:26:13-36
246            android:permission="com.google.android.c2dm.permission.SEND" >
246-->[:firebase_messaging] AndroidManifest.xml:27:13-73
247            <intent-filter>
247-->[:firebase_messaging] AndroidManifest.xml:28:13-30:29
248                <action android:name="com.google.android.c2dm.intent.RECEIVE" />
248-->[:firebase_messaging] AndroidManifest.xml:29:17-81
248-->[:firebase_messaging] AndroidManifest.xml:29:25-78
249            </intent-filter>
250        </receiver>
251
252        <service
252-->[:firebase_messaging] AndroidManifest.xml:33:9-37:19
253            android:name="com.google.firebase.components.ComponentDiscoveryService"
253-->[:firebase_messaging] AndroidManifest.xml:33:18-89
254            android:directBootAware="true"
254-->[com.google.firebase:firebase-common:20.0.0] AndroidManifest.xml:35:13-43
255            android:exported="false" >
255-->[com.google.firebase:firebase-auth:21.0.1] AndroidManifest.xml:76:13-37
256            <meta-data
256-->[:firebase_messaging] AndroidManifest.xml:34:13-36:85
257                android:name="com.google.firebase.components:io.flutter.plugins.firebase.messaging.FlutterFirebaseAppRegistrar"
257-->[:firebase_messaging] AndroidManifest.xml:35:17-128
258                android:value="com.google.firebase.components.ComponentRegistrar" />
258-->[:firebase_messaging] AndroidManifest.xml:36:17-82
259            <meta-data
259-->[:cloud_firestore] AndroidManifest.xml:9:13-11:85
260                android:name="com.google.firebase.components:io.flutter.plugins.firebase.firestore.FlutterFirebaseFirestoreRegistrar"
260-->[:cloud_firestore] AndroidManifest.xml:10:17-134
261                android:value="com.google.firebase.components.ComponentRegistrar" />
261-->[:cloud_firestore] AndroidManifest.xml:11:17-82
262            <meta-data
262-->[:firebase_dynamic_links] AndroidManifest.xml:11:13-13:85
263                android:name="com.google.firebase.components:io.flutter.plugins.firebasedynamiclinks.FlutterFirebaseAppRegistrar"
263-->[:firebase_dynamic_links] AndroidManifest.xml:12:17-130
264                android:value="com.google.firebase.components.ComponentRegistrar" />
264-->[:firebase_dynamic_links] AndroidManifest.xml:13:17-82
265            <meta-data
265-->[:firebase_analytics] AndroidManifest.xml:13:13-15:85
266                android:name="com.google.firebase.components:io.flutter.plugins.firebaseanalytics.FlutterFirebaseAppRegistrar"
266-->[:firebase_analytics] AndroidManifest.xml:14:17-127
267                android:value="com.google.firebase.components.ComponentRegistrar" />
267-->[:firebase_analytics] AndroidManifest.xml:15:17-82
268            <meta-data
268-->[:firebase_auth] AndroidManifest.xml:9:13-11:85
269                android:name="com.google.firebase.components:io.flutter.plugins.firebase.auth.FlutterFirebaseAuthRegistrar"
269-->[:firebase_auth] AndroidManifest.xml:10:17-124
270                android:value="com.google.firebase.components.ComponentRegistrar" />
270-->[:firebase_auth] AndroidManifest.xml:11:17-82
271            <meta-data
271-->[:firebase_remote_config] AndroidManifest.xml:9:13-11:85
272                android:name="com.google.firebase.components:io.flutter.plugins.firebase.firebaseremoteconfig.FlutterFirebaseAppRegistrar"
272-->[:firebase_remote_config] AndroidManifest.xml:10:17-139
273                android:value="com.google.firebase.components.ComponentRegistrar" />
273-->[:firebase_remote_config] AndroidManifest.xml:11:17-82
274            <meta-data
274-->[:firebase_core] AndroidManifest.xml:9:13-11:85
275                android:name="com.google.firebase.components:io.flutter.plugins.firebase.core.FlutterFirebaseCoreRegistrar"
275-->[:firebase_core] AndroidManifest.xml:10:17-124
276                android:value="com.google.firebase.components.ComponentRegistrar" />
276-->[:firebase_core] AndroidManifest.xml:11:17-82
277            <meta-data
277-->[com.google.firebase:firebase-auth:21.0.1] AndroidManifest.xml:77:13-79:85
278                android:name="com.google.firebase.components:com.google.firebase.auth.FirebaseAuthRegistrar"
278-->[com.google.firebase:firebase-auth:21.0.1] AndroidManifest.xml:78:17-109
279                android:value="com.google.firebase.components.ComponentRegistrar" />
279-->[com.google.firebase:firebase-auth:21.0.1] AndroidManifest.xml:79:17-82
280            <meta-data
280-->[com.google.firebase:firebase-firestore:23.0.3] AndroidManifest.xml:20:13-22:85
281                android:name="com.google.firebase.components:com.google.firebase.firestore.FirestoreRegistrar"
281-->[com.google.firebase:firebase-firestore:23.0.3] AndroidManifest.xml:21:17-111
282                android:value="com.google.firebase.components.ComponentRegistrar" />
282-->[com.google.firebase:firebase-firestore:23.0.3] AndroidManifest.xml:22:17-82
283            <meta-data
283-->[com.google.firebase:firebase-dynamic-links:20.1.1] AndroidManifest.xml:27:13-29:85
284                android:name="com.google.firebase.components:com.google.firebase.dynamiclinks.internal.FirebaseDynamicLinkRegistrar"
284-->[com.google.firebase:firebase-dynamic-links:20.1.1] AndroidManifest.xml:28:17-133
285                android:value="com.google.firebase.components.ComponentRegistrar" />
285-->[com.google.firebase:firebase-dynamic-links:20.1.1] AndroidManifest.xml:29:17-82
286            <meta-data
286-->[com.google.firebase:firebase-config:21.0.1] AndroidManifest.xml:32:13-34:85
287                android:name="com.google.firebase.components:com.google.firebase.remoteconfig.RemoteConfigRegistrar"
287-->[com.google.firebase:firebase-config:21.0.1] AndroidManifest.xml:33:17-117
288                android:value="com.google.firebase.components.ComponentRegistrar" />
288-->[com.google.firebase:firebase-config:21.0.1] AndroidManifest.xml:34:17-82
289            <meta-data
289-->[com.google.firebase:firebase-messaging:22.0.0] AndroidManifest.xml:52:13-54:85
290                android:name="com.google.firebase.components:com.google.firebase.messaging.FirebaseMessagingRegistrar"
290-->[com.google.firebase:firebase-messaging:22.0.0] AndroidManifest.xml:53:17-119
291                android:value="com.google.firebase.components.ComponentRegistrar" />
291-->[com.google.firebase:firebase-messaging:22.0.0] AndroidManifest.xml:54:17-82
292            <meta-data
292-->[com.google.android.gms:play-services-measurement-api:19.0.0] AndroidManifest.xml:30:13-32:85